<?xml version="1.0" encoding="UTF-8"?>
<!-- Generated by org.testng.reporters.JUnitXMLReporter -->
<testsuite ignored="0" hostname="KABIR" failures="0" tests="8" name="target tests" time="170.37" errors="0" timestamp="2023-01-17T18:16:34 EST">
  <testcase classname="test.TestSearch" name="addItemInCarts" time="16.532"/>
  <testcase classname="test.TestSearch" name="findStoreLocation" time="11.411"/>
  <testcase classname="test.TestSearch" name="floatingButton" time="12.376"/>
  <testcase classname="test.TestSearch" name="loginButton" time="8.705"/>
  <testcase classname="test.TestSearch" name="searchBicyclesForToddler" time="6.45"/>
  <testcase classname="test.TestSearch" name="searchGamesToys" time="6.3"/>
  <testcase classname="test.TestSearch" name="searchPaperNapkins" time="13.183"/>
  <testcase classname="test.TestSearch" name="signInButton" time="11.064"/>
</testsuite> <!-- target tests -->
